<?xml version="1.0" encoding="UTF-8"?>
<testsuite xmlns:xsi="http://www.w3.org/2001/XMLSchema-instance" xsi:noNamespaceSchemaLocation="https://maven.apache.org/surefire/maven-surefire-plugin/xsd/surefire-test-report.xsd" name="LoginUserParameterizedTest" time="36.464" tests="4" errors="0" skipped="0" failures="0">
  <properties>
[...]
</properties>
  <testcase name="userLoginTest[0]" classname="LoginUserParameterizedTest" time="4.363"/>
  <testcase name="userLoginTest[1]" classname="LoginUserParameterizedTest" time="11.343"/>
  <testcase name="userLoginTest[2]" classname="LoginUserParameterizedTest" time="10.153"/>
  <testcase name="userLoginTest[3]" classname="LoginUserParameterizedTest" time="10.524"/>
</testsuite>